2022-12-14 21:14:43,729 INFO  [Log] ** 
2022-12-14 21:14:43,730 INFO  [Log] ** 
2022-12-14 21:14:43,730 INFO  [Log] ############   My first test case is login test ################ 
2022-12-14 21:14:43,730 INFO  [Log] ** 
2022-12-14 21:14:43,730 INFO  [Log] ** 
2022-12-14 21:14:43,730 INFO  [Log] My login test is going on 
2022-12-14 21:14:43,730 INFO  [Log] My test case might be failed 
2022-12-14 21:14:47,516 INFO  [Log] My test case is about to complete 
2022-12-14 21:14:47,516 INFO  [Log] ################################## 
2022-12-14 21:14:47,516 INFO  [Log] ########################################## 
2022-12-14 21:14:47,516 INFO  [Log] ############   This is mu login test again ################ 
2022-12-14 21:14:47,516 INFO  [Log] ########################## 
2022-12-14 21:14:47,526 INFO  [Log] ########################################## 
2022-12-14 21:14:56,656 INFO  [Log] ** 
2022-12-14 21:14:56,657 INFO  [Log] ** 
2022-12-14 21:14:56,657 INFO  [Log] ############   My first test case is login test ################ 
2022-12-14 21:14:56,657 INFO  [Log] ** 
2022-12-14 21:14:56,657 INFO  [Log] ** 
2022-12-14 21:14:56,657 INFO  [Log] My login test is going on 
2022-12-14 21:14:56,657 INFO  [Log] My test case might be failed 
2022-12-14 21:14:59,055 INFO  [Log] My test case is about to complete 
2022-12-14 21:14:59,055 INFO  [Log] ################################## 
2022-12-14 21:14:59,055 INFO  [Log] ########################################## 
2022-12-14 21:14:59,055 INFO  [Log] ############   This is mu login test again ################ 
2022-12-14 21:14:59,055 INFO  [Log] ########################## 
2022-12-14 21:14:59,055 INFO  [Log] ########################################## 
2022-12-14 21:49:22,063 INFO  [Log] ** 
2022-12-14 21:49:22,064 INFO  [Log] ** 
2022-12-14 21:49:22,064 INFO  [Log] ############   My first test case is login test ################ 
2022-12-14 21:49:22,064 INFO  [Log] ** 
2022-12-14 21:49:22,064 INFO  [Log] ** 
2022-12-14 21:49:22,064 INFO  [Log] My login test is going on 
2022-12-14 21:49:22,064 INFO  [Log] My test case might be failed 
2022-12-14 21:49:25,337 INFO  [Log] My test case is about to complete 
2022-12-14 21:49:25,337 INFO  [Log] ################################## 
2022-12-14 21:49:25,337 INFO  [Log] ########################################## 
2022-12-14 21:49:25,337 INFO  [Log] ############   This is my login test again ################ 
2022-12-14 21:49:25,337 INFO  [Log] ########################## 
2022-12-14 21:49:25,337 INFO  [Log] ########################################## 
2022-12-14 21:49:28,915 INFO  [Log] ** 
2022-12-14 21:49:28,915 INFO  [Log] ** 
2022-12-14 21:49:28,915 INFO  [Log] ############   My first test case is login test ################ 
2022-12-14 21:49:28,915 INFO  [Log] ** 
2022-12-14 21:49:28,915 INFO  [Log] ** 
2022-12-14 21:49:28,915 INFO  [Log] My login test is going on 
2022-12-14 21:49:28,915 INFO  [Log] My test case might be failed 
2022-12-14 21:49:31,819 INFO  [Log] My test case is about to complete 
2022-12-14 21:49:31,819 INFO  [Log] ################################## 
2022-12-14 21:49:31,819 INFO  [Log] ########################################## 
2022-12-14 21:49:31,819 INFO  [Log] ############   This is my login test again ################ 
2022-12-14 21:49:31,819 INFO  [Log] ########################## 
2022-12-14 21:49:31,819 INFO  [Log] ########################################## 
2022-12-17 11:03:17,384 INFO  [Log] ** 
2022-12-17 11:03:17,386 INFO  [Log] ** 
2022-12-17 11:03:17,386 INFO  [Log] ############   My first test case is login test ################ 
2022-12-17 11:03:17,386 INFO  [Log] ** 
2022-12-17 11:03:17,386 INFO  [Log] ** 
2022-12-17 11:03:17,386 INFO  [Log] My login test is going on 
2022-12-17 11:03:17,386 INFO  [Log] My test case might be failed 
2022-12-17 11:03:20,586 INFO  [Log] My test case is about to complete 
2022-12-17 11:03:20,586 INFO  [Log] ################################## 
2022-12-17 11:03:20,586 INFO  [Log] ########################################## 
2022-12-17 11:03:20,586 INFO  [Log] ############   This is my login test again ################ 
2022-12-17 11:03:20,586 INFO  [Log] ########################## 
2022-12-17 11:03:20,586 INFO  [Log] ########################################## 
2022-12-17 11:03:23,647 INFO  [Log] ** 
2022-12-17 11:03:23,647 INFO  [Log] ** 
2022-12-17 11:03:23,647 INFO  [Log] ############   My first test case is login test ################ 
2022-12-17 11:03:23,647 INFO  [Log] ** 
2022-12-17 11:03:23,647 INFO  [Log] ** 
2022-12-17 11:03:23,647 INFO  [Log] My login test is going on 
2022-12-17 11:03:23,647 INFO  [Log] My test case might be failed 
2022-12-17 11:03:26,214 INFO  [Log] My test case is about to complete 
2022-12-17 11:03:26,214 INFO  [Log] ################################## 
2022-12-17 11:03:26,214 INFO  [Log] ########################################## 
2022-12-17 11:03:26,215 INFO  [Log] ############   This is my login test again ################ 
2022-12-17 11:03:26,215 INFO  [Log] ########################## 
2022-12-17 11:03:26,215 INFO  [Log] ########################################## 
2022-12-17 11:05:06,568 INFO  [Log] ** 
2022-12-17 11:05:06,568 INFO  [Log] ** 
2022-12-17 11:05:06,568 INFO  [Log] ############   My first test case is login test ################ 
2022-12-17 11:05:06,568 INFO  [Log] ** 
2022-12-17 11:05:06,568 INFO  [Log] ** 
2022-12-17 11:05:06,568 INFO  [Log] My login test is going on 
2022-12-17 11:05:06,569 INFO  [Log] My test case might be failed 
2022-12-17 11:05:09,569 INFO  [Log] My test case is about to complete 
2022-12-17 11:05:09,569 INFO  [Log] ################################## 
2022-12-17 11:05:09,569 INFO  [Log] ########################################## 
2022-12-17 11:05:09,569 INFO  [Log] ############   This is my login test again ################ 
2022-12-17 11:05:09,569 INFO  [Log] ########################## 
2022-12-17 11:05:09,569 INFO  [Log] ########################################## 
2022-12-17 11:05:12,643 INFO  [Log] ** 
2022-12-17 11:05:12,643 INFO  [Log] ** 
2022-12-17 11:05:12,643 INFO  [Log] ############   My first test case is login test ################ 
2022-12-17 11:05:12,643 INFO  [Log] ** 
2022-12-17 11:05:12,644 INFO  [Log] ** 
2022-12-17 11:05:12,644 INFO  [Log] My login test is going on 
2022-12-17 11:05:12,644 INFO  [Log] My test case might be failed 
2022-12-17 11:05:15,075 INFO  [Log] My test case is about to complete 
2022-12-17 11:05:15,075 INFO  [Log] ################################## 
2022-12-17 11:05:15,075 INFO  [Log] ########################################## 
2022-12-17 11:05:15,075 INFO  [Log] ############   This is my login test again ################ 
2022-12-17 11:05:15,075 INFO  [Log] ########################## 
2022-12-17 11:05:15,075 INFO  [Log] ########################################## 
2023-01-03 22:14:58,477 INFO  [Log] ** 
2023-01-03 22:14:58,477 INFO  [Log] ** 
2023-01-03 22:14:58,478 INFO  [Log] ############   My first test case is login test ################ 
2023-01-03 22:14:58,478 INFO  [Log] ** 
2023-01-03 22:14:58,478 INFO  [Log] ** 
2023-01-03 22:14:58,478 INFO  [Log] My login test is going on 
2023-01-03 22:14:58,478 INFO  [Log] My test case might be failed 
2023-01-03 22:15:01,060 INFO  [Log] My test case is about to complete 
2023-01-03 22:15:01,060 INFO  [Log] ################################## 
2023-01-03 22:15:01,060 INFO  [Log] ########################################## 
2023-01-03 22:15:01,060 INFO  [Log] ############   This is my login test again ################ 
2023-01-03 22:15:01,060 INFO  [Log] ########################## 
2023-01-03 22:15:01,060 INFO  [Log] ########################################## 
2023-01-03 22:15:04,709 INFO  [Log] ** 
2023-01-03 22:15:04,710 INFO  [Log] ** 
2023-01-03 22:15:04,710 INFO  [Log] ############   My first test case is login test ################ 
2023-01-03 22:15:04,710 INFO  [Log] ** 
2023-01-03 22:15:04,710 INFO  [Log] ** 
2023-01-03 22:15:04,710 INFO  [Log] My login test is going on 
2023-01-03 22:15:04,710 INFO  [Log] My test case might be failed 
2023-01-03 22:15:06,608 INFO  [Log] My test case is about to complete 
2023-01-03 22:15:06,608 INFO  [Log] ################################## 
2023-01-03 22:15:06,608 INFO  [Log] ########################################## 
2023-01-03 22:15:06,608 INFO  [Log] ############   This is my login test again ################ 
2023-01-03 22:15:06,608 INFO  [Log] ########################## 
2023-01-03 22:15:06,608 INFO  [Log] ########################################## 
2023-01-03 22:15:56,018 INFO  [Log] ** 
2023-01-03 22:15:56,018 INFO  [Log] ** 
2023-01-03 22:15:56,018 INFO  [Log] ############   My first test case is login test ################ 
2023-01-03 22:15:56,018 INFO  [Log] ** 
2023-01-03 22:15:56,018 INFO  [Log] ** 
2023-01-03 22:15:56,018 INFO  [Log] My login test is going on 
2023-01-03 22:15:56,018 INFO  [Log] My test case might be failed 
2023-01-03 22:15:58,092 INFO  [Log] My test case is about to complete 
2023-01-03 22:15:58,092 INFO  [Log] ################################## 
2023-01-03 22:15:58,092 INFO  [Log] ########################################## 
2023-01-03 22:15:58,092 INFO  [Log] ############   This is my login test again ################ 
2023-01-03 22:15:58,092 INFO  [Log] ########################## 
2023-01-03 22:15:58,092 INFO  [Log] ########################################## 
2023-01-03 22:16:07,303 INFO  [Log] ** 
2023-01-03 22:16:07,303 INFO  [Log] ** 
2023-01-03 22:16:07,303 INFO  [Log] ############   My first test case is login test ################ 
2023-01-03 22:16:07,303 INFO  [Log] ** 
2023-01-03 22:16:07,303 INFO  [Log] ** 
2023-01-03 22:16:07,303 INFO  [Log] My login test is going on 
2023-01-03 22:16:07,303 INFO  [Log] My test case might be failed 
2023-01-03 22:16:10,389 INFO  [Log] My test case is about to complete 
2023-01-03 22:16:10,389 INFO  [Log] ################################## 
2023-01-03 22:16:10,389 INFO  [Log] ########################################## 
2023-01-03 22:16:10,389 INFO  [Log] ############   This is my login test again ################ 
2023-01-03 22:16:10,389 INFO  [Log] ########################## 
2023-01-03 22:16:10,389 INFO  [Log] ########################################## 
2023-01-03 23:07:49,359 INFO  [Log] ** 
2023-01-03 23:07:49,360 INFO  [Log] ** 
2023-01-03 23:07:49,360 INFO  [Log] ############   My first test case is login test ################ 
2023-01-03 23:07:49,360 INFO  [Log] ** 
2023-01-03 23:07:49,360 INFO  [Log] ** 
2023-01-03 23:07:49,360 INFO  [Log] My login test is going on 
2023-01-03 23:07:49,360 INFO  [Log] My test case might be failed 
2023-01-03 23:07:51,811 INFO  [Log] My test case is about to complete 
2023-01-03 23:07:51,811 INFO  [Log] ################################## 
2023-01-03 23:07:51,811 INFO  [Log] ########################################## 
2023-01-03 23:07:51,811 INFO  [Log] ############   This is my login test again ################ 
2023-01-03 23:07:51,811 INFO  [Log] ########################## 
2023-01-03 23:07:51,811 INFO  [Log] ########################################## 
2023-01-03 23:07:55,219 INFO  [Log] ** 
2023-01-03 23:07:55,219 INFO  [Log] ** 
2023-01-03 23:07:55,219 INFO  [Log] ############   My first test case is login test ################ 
2023-01-03 23:07:55,219 INFO  [Log] ** 
2023-01-03 23:07:55,219 INFO  [Log] ** 
2023-01-03 23:07:55,219 INFO  [Log] My login test is going on 
2023-01-03 23:07:55,219 INFO  [Log] My test case might be failed 
2023-01-03 23:07:57,552 INFO  [Log] My test case is about to complete 
2023-01-03 23:07:57,552 INFO  [Log] ################################## 
2023-01-03 23:07:57,552 INFO  [Log] ########################################## 
2023-01-03 23:07:57,552 INFO  [Log] ############   This is my login test again ################ 
2023-01-03 23:07:57,552 INFO  [Log] ########################## 
2023-01-03 23:07:57,552 INFO  [Log] ########################################## 
